<?xml version="1.0" encoding="UTF-8"?>
<!-- Generated by org.testng.reporters.JUnitXMLReporter -->
<testsuite hostname="Zaheer" ignored="0" name="Surefire test" tests="6" failures="0" timestamp="2020-05-13T17:52:01 IST" time="0.062" errors="0">
  <testcase name="mobileLogin" time="0.0" classname="yahoo.AppiumTest"/>
  <testcase name="mobileLogout" time="0.0" classname="yahoo.AppiumTest"/>
  <testcase name="acceptCookies" time="0.0" classname="yahoo.RestapiTest"/>
  <testcase name="deleteCookies" time="0.0" classname="yahoo.RestapiTest"/>
  <testcase name="closeWindow" time="0.0" classname="yahoo.SeleniumTest"/>
  <testcase name="openWindow" time="0.0" classname="yahoo.SeleniumTest"/>
</testsuite> <!-- Surefire test -->
