<?xml version="1.0" encoding="UTF-8"?>
<!-- Generated by org.testng.reporters.JUnitXMLReporter -->
<testsuite hostname="Zaheer" ignored="0" name="Test" tests="6" failures="0" timestamp="2020-05-17T13:58:29 IST" time="0.052" errors="0">
  <testcase name="mobileLogin" time="0.005" classname="yahoo.AppiumTest"/>
  <testcase name="mobileLogout" time="0.001" classname="yahoo.AppiumTest"/>
  <testcase name="closeWindow" time="0.0" classname="yahoo.SeleniumTest"/>
  <testcase name="openWindow" time="0.0" classname="yahoo.SeleniumTest"/>
  <testcase name="acceptCookies" time="0.001" classname="yahoo.RestapiTest"/>
  <testcase name="deleteCookies" time="0.0" classname="yahoo.RestapiTest"/>
</testsuite> <!-- Test -->
